[01:12:14] [Craft Scheduler Thread - 25 - Vault/INFO]: [Vault] Checking for Updates ... 
[01:12:14] [Craft Scheduler Thread - 25 - Vault/WARN]: [Vault] No files found, or Feed URL is bad.
[01:12:14] [Craft Scheduler Thread - 25 - Vault/INFO]: [Vault] No new version available
[07:12:14] [Craft Scheduler Thread - 26 - Vault/INFO]: [Vault] Checking for Updates ... 
[07:12:14] [Craft Scheduler Thread - 26 - Vault/INFO]: [Vault] No new version available
[13:05:00] [User Authenticator #0/INFO]: UUID of player eldiosx is f0c8c180-7e01-4c4a-9c3e-6cb0511c56ba
[13:05:01] [Server thread/INFO]: eldiosx joined the game
[13:05:01] [Server thread/INFO]: eldiosx[/79.117.241.18:50514] logged in with entity id 1 at ([world]-0.18461269105401312, -59.0, 3.420036547011428)
[13:09:11] [Server thread/INFO]: eldiosx lost connection: Disconnected
[13:09:11] [Server thread/INFO]: eldiosx left the game
[13:09:24] [User Authenticator #1/INFO]: UUID of player eldiosx is f0c8c180-7e01-4c4a-9c3e-6cb0511c56ba
[13:09:24] [Server thread/INFO]: eldiosx joined the game
[13:09:24] [Server thread/INFO]: eldiosx[/79.117.241.18:36544] logged in with entity id 2 at ([world]-0.06177481596202141, -59.0, 1.6860955680136258)
[13:09:33] [Server thread/INFO]: eldiosx lost connection: Disconnected
[13:09:33] [Server thread/INFO]: eldiosx left the game
[13:12:14] [Craft Scheduler Thread - 35 - Vault/INFO]: [Vault] Checking for Updates ... 
[13:12:14] [Craft Scheduler Thread - 35 - Vault/INFO]: [Vault] No new version available
[17:26:12] [Server thread/INFO]: Stopping server
[17:26:12] [Server thread/INFO]: [TabList] Disabling TabList v5.7.4
[17:26:12] [Server thread/INFO]: [spark] Disabling spark v1.10.43
[17:26:12] [Server thread/INFO]: [GriefDefender] Disabling GriefDefender v2.4.2
[17:26:12] [Server thread/INFO]: [GriefDefender] Disabling GriefDefender...
[17:26:12] [Server thread/INFO]: [GriefDefender] Saving claim data...
[17:26:12] [Server thread/INFO]: [GriefDefender] Save complete.
[17:26:12] [Server thread/INFO]: [Vehicles] Disabling Vehicles v14.1
[17:26:12] [Server thread/INFO]: [CommandPanels] Disabling CommandPanels v3.19.1.7
[17:26:12] [Server thread/INFO]: RockyHawk's CommandPanels Plugin Disabled, aww man.
[17:26:12] [Server thread/INFO]: [SkinsRestorer] Disabling SkinsRestorer v15.0.3
[17:26:12] [Server thread/INFO]: [BlueMap] Disabling BlueMap v3.16
[17:26:12] [Server thread/INFO]: [BlueMap] Stopping...
[17:26:12] [Server thread/INFO]: [BlueMap] Saved and stopped!
[17:26:12] [Server thread/INFO]: [Multiverse-Core] Disabling Multiverse-Core v4.3.2-SNAPSHOT-b870
[17:26:12] [Server thread/INFO]: [WorldGuard] Disabling WorldGuard v7.0.9+5934e49
[17:26:12] [Server thread/INFO]: [WorldGuard] Shutting down executor and cancelling any pending tasks...
[17:26:12] [Server thread/INFO]: [Essentials] Disabling Essentials v2.20.1
[17:26:12] [Server thread/INFO]: [Vault] [Economy] Essentials Economy unhooked.
[17:26:12] [Server thread/INFO]: [ProtocolLib] Disabling ProtocolLib v5.1.1-SNAPSHOT-669
[17:26:12] [Server thread/INFO]: [WorldEdit] Disabling WorldEdit v7.2.17+6544-56d0383
[17:26:12] [Server thread/INFO]: Unregistering com.sk89q.worldedit.bukkit.BukkitServerInterface from WorldEdit
[17:26:12] [Server thread/INFO]: [Vault] Disabling Vault v1.7.3-b131
[17:26:12] [Server thread/INFO]: [LuckPerms] Disabling LuckPerms v5.4.104
[17:26:12] [Server thread/INFO]: [LuckPerms] Starting shutdown process...
[17:26:12] [Server thread/INFO]: [LuckPerms] Closing storage...
[17:26:12] [Server thread/INFO]: [LuckPerms] Goodbye!
[17:26:12] [Server thread/INFO]: [ViaVersion] Disabling ViaVersion v4.9.2
[17:26:12] [Server thread/INFO]: [ViaVersion] ViaVersion is disabling, if this is a reload and you experience issues consider rebooting.
[17:26:12] [Server thread/INFO]: Saving players
[17:26:12] [Server thread/INFO]: Saving worlds
[17:26:13] [Server thread/INFO]: Saving chunks for level 'ServerLevel[world]'/minecraft:overworld
[17:26:13] [Server thread/INFO]: [ChunkHolderManager] Waiting 60s for chunk system to halt for world 'world'
[17:26:13] [Server thread/INFO]: [ChunkHolderManager] Halted chunk system for world 'world'
[17:26:13] [Server thread/INFO]: [ChunkHolderManager] Saving all chunkholders for world 'world'
[17:26:13] [Server thread/INFO]: [ChunkHolderManager] Saved 0 block chunks, 0 entity chunks, 0 poi chunks in world 'world' in 0.00s
[17:26:13] [Server thread/INFO]: ThreadedAnvilChunkStorage (world): All chunks are saved
[17:26:13] [Server thread/INFO]: ThreadedAnvilChunkStorage: All dimensions are saved
[17:26:13] [Server thread/INFO]: Flushing Chunk IO
[17:26:13] [Server thread/INFO]: Closing Thread Pool
[17:26:13] [Server thread/INFO]: Closing Server
